0 info it worked if it ends with ok
1 verbose cli [ 'C:\\Program Files\\nodejs\\node.exe',
1 verbose cli   'C:\\Program Files\\nodejs\\node_modules\\npm\\bin\\npm-cli.js',
1 verbose cli   'run',
1 verbose cli   'build' ]
2 info using npm@4.0.5
3 info using node@v7.4.0
4 verbose run-script [ 'prebuild', 'build', 'postbuild' ]
5 info lifecycle ionic3-text-mask@1.0.0~prebuild: ionic3-text-mask@1.0.0
6 silly lifecycle ionic3-text-mask@1.0.0~prebuild: no script for prebuild, continuing
7 info lifecycle ionic3-text-mask@1.0.0~build: ionic3-text-mask@1.0.0
8 verbose lifecycle ionic3-text-mask@1.0.0~build: unsafe-perm in lifecycle true
9 verbose lifecycle ionic3-text-mask@1.0.0~build: PATH: C:\Program Files\nodejs\node_modules\npm\bin\node-gyp-bin;C:\Users\Chris\Documents\Dev\Git\text-mask\ionic3\node_modules\.bin;C:\Users\Chris\AppData\Roaming\npm;C:\Program Files\nodejs\;C:\ProgramData\Oracle\Java\javapath;C:\Program Files (x86)\Intel\iCLS Client\;C:\Program Files\Intel\iCLS Client\;C:\Windows\system32;C:\Windows;C:\Windows\System32\Wbem;C:\Windows\System32\WindowsPowerShell\v1.0\;C:\Program Files (x86)\NVIDIA Corporation\PhysX\Common;C:\Program Files (x86)\Intel\Intel(R) Management Engine Components\DAL;C:\Program Files\Intel\Intel(R) Management Engine Components\DAL;C:\Program Files (x86)\Intel\Intel(R) Management Engine Components\IPT;C:\Program Files\Intel\Intel(R) Management Engine Components\IPT;C:\Program Files\Intel\WiFi\bin\;C:\Program Files\Common Files\Intel\WirelessCommon\;C:\WINDOWS\system32;C:\WINDOWS;C:\WINDOWS\System32\Wbem;C:\WINDOWS\System32\WindowsPowerShell\v1.0\;C:\Program Files\nodejs\;C:\Program Files (x86)\Windows Kits\8.1\Windows Performance Toolkit\;C:\Program Files\Git\cmd;C:\WINDOWS\System32\OpenSSH\;C:\Program Files (x86)\Microsoft VS Code\bin;C:\Users\Chris\AppData\Local\Microsoft\WindowsApps;C:\Users\Chris\AppData\Roaming\npm;C:\Program Files (x86)\Microsoft VS Code\bin;
10 verbose lifecycle ionic3-text-mask@1.0.0~build: CWD: C:\Users\Chris\Documents\Dev\Git\text-mask\ionic3
11 silly lifecycle ionic3-text-mask@1.0.0~build: Args: [ '/d /s /c', 'ngc -p tsconfig.json && rm -rf aot' ]
12 silly lifecycle ionic3-text-mask@1.0.0~build: Returned: code: 1  signal: null
13 info lifecycle ionic3-text-mask@1.0.0~build: Failed to exec build script
14 verbose stack Error: ionic3-text-mask@1.0.0 build: `ngc -p tsconfig.json && rm -rf aot`
14 verbose stack Exit status 1
14 verbose stack     at EventEmitter.<anonymous> (C:\Program Files\nodejs\node_modules\npm\lib\utils\lifecycle.js:279:16)
14 verbose stack     at emitTwo (events.js:106:13)
14 verbose stack     at EventEmitter.emit (events.js:191:7)
14 verbose stack     at ChildProcess.<anonymous> (C:\Program Files\nodejs\node_modules\npm\lib\utils\spawn.js:40:14)
14 verbose stack     at emitTwo (events.js:106:13)
14 verbose stack     at ChildProcess.emit (events.js:191:7)
14 verbose stack     at maybeClose (internal/child_process.js:885:16)
14 verbose stack     at Process.ChildProcess._handle.onexit (internal/child_process.js:226:5)
15 verbose pkgid ionic3-text-mask@1.0.0
16 verbose cwd C:\Users\Chris\Documents\Dev\Git\text-mask\ionic3
17 error Windows_NT 10.0.17134
18 error argv "C:\\Program Files\\nodejs\\node.exe" "C:\\Program Files\\nodejs\\node_modules\\npm\\bin\\npm-cli.js" "run" "build"
19 error node v7.4.0
20 error npm  v4.0.5
21 error code ELIFECYCLE
22 error ionic3-text-mask@1.0.0 build: `ngc -p tsconfig.json && rm -rf aot`
22 error Exit status 1
23 error Failed at the ionic3-text-mask@1.0.0 build script 'ngc -p tsconfig.json && rm -rf aot'.
23 error Make sure you have the latest version of node.js and npm installed.
23 error If you do, this is most likely a problem with the ionic3-text-mask package,
23 error not with npm itself.
23 error Tell the author that this fails on your system:
23 error     ngc -p tsconfig.json && rm -rf aot
23 error You can get information on how to open an issue for this project with:
23 error     npm bugs ionic3-text-mask
23 error Or if that isn't available, you can get their info via:
23 error     npm owner ls ionic3-text-mask
23 error There is likely additional logging output above.
24 verbose exit [ 1, true ]
